<?xml version="1.0" encoding="UTF-8"?>
<!-- Generated by org.testng.reporters.JUnitReportReporter -->
<testsuite hostname="DESKTOP-CML9JAH" failures="0" tests="9" name="testNG_Study.InvocationCountStudy" time="0.073" errors="0" timestamp="2023-12-20T12:10:48 IST" skipped="0">
  <testcase classname="testNG_Study.InvocationCountStudy" name="r" time="0.007">
    <system-out>
      <![CDATA[r is running]]>
    </system-out>
  </testcase> <!-- r -->
  <testcase classname="testNG_Study.InvocationCountStudy" name="p" time="0.007">
    <system-out>
      <![CDATA[p is running]]>
    </system-out>
  </testcase> <!-- p -->
  <testcase classname="testNG_Study.InvocationCountStudy" name="q" time="0.008">
    <system-out>
      <![CDATA[q is running]]>
    </system-out>
  </testcase> <!-- q -->
  <testcase classname="testNG_Study.InvocationCountStudy" name="q" time="0.010">
    <system-out>
      <![CDATA[q is running]]>
    </system-out>
  </testcase> <!-- q -->
  <testcase classname="testNG_Study.InvocationCountStudy" name="q" time="0.011">
    <system-out>
      <![CDATA[q is running]]>
    </system-out>
  </testcase> <!-- q -->
  <testcase classname="testNG_Study.InvocationCountStudy" name="p" time="0.019">
    <system-out>
      <![CDATA[p is running]]>
    </system-out>
  </testcase> <!-- p -->
  <testcase classname="testNG_Study.InvocationCountStudy" name="p" time="0.004">
    <system-out>
      <![CDATA[p is running]]>
    </system-out>
  </testcase> <!-- p -->
  <testcase classname="testNG_Study.InvocationCountStudy" name="r" time="0.004">
    <system-out>
      <![CDATA[r is running]]>
    </system-out>
  </testcase> <!-- r -->
  <testcase classname="testNG_Study.InvocationCountStudy" name="q" time="0.003">
    <system-out>
      <![CDATA[q is running]]>
    </system-out>
  </testcase> <!-- q -->
  <system-out>
    <![CDATA[p is running
p is running
p is running
q is running
q is running
q is running
q is running
r is running
r is running]]>
  </system-out>
</testsuite> <!-- testNG_Study.InvocationCountStudy -->
