<?xml version="1.0" encoding="UTF-8"?>
<!-- Generated by org.testng.reporters.JUnitReportReporter -->
<testsuite hostname="DESKTOP-CML9JAH" failures="0" tests="3" name="testNG_Study.DependsOnMethod" time="0.039" errors="0" timestamp="2023-12-21T12:18:06 IST" skipped="0">
  <testcase classname="testNG_Study.DependsOnMethod" name="r" time="0.009">
    <system-out>
      <![CDATA[method r is running ]]>
    </system-out>
  </testcase> <!-- r -->
  <testcase classname="testNG_Study.DependsOnMethod" name="q" time="0.019">
    <system-out>
      <![CDATA[method q is running ]]>
    </system-out>
  </testcase> <!-- q -->
  <testcase classname="testNG_Study.DependsOnMethod" name="p" time="0.011">
    <system-out>
      <![CDATA[method p is running ]]>
    </system-out>
  </testcase> <!-- p -->
  <system-out>
    <![CDATA[method q is running 
method p is running 
method r is running ]]>
  </system-out>
</testsuite> <!-- testNG_Study.DependsOnMethod -->
