<?xml version="1.0" encoding="UTF-8"?>
<!-- Generated by org.testng.reporters.JUnitReportReporter -->
<testsuite hostname="DESKTOP-CML9JAH" failures="0" tests="1" name="coverFox_usingTestNG.TestNG_ForCoverFOX" time="9.964" errors="0" timestamp="2023-12-29T13:55:42 IST" skipped="0">
  <testcase classname="coverFox_usingTestNG.TestNG_ForCoverFOX" name="validateTestPlans" time="9.964">
    <system-out>
      <![CDATA[Number Displayed 49
Number of Plans Displayed 49
Results Are Matching Hence Test Case Is Passed]]>
    </system-out>
  </testcase> <!-- validateTestPlans -->
  <system-out>
    <![CDATA[Open Browser
Page1
Page2
Page3
Page4
Number Displayed 49
Number of Plans Displayed 49
Results Are Matching Hence Test Case Is Passed
Closing Browser]]>
  </system-out>
</testsuite> <!-- coverFox_usingTestNG.TestNG_ForCoverFOX -->
