<?xml version="1.0" encoding="UTF-8"?>
<!-- Generated by org.testng.reporters.JUnitReportReporter -->
<testsuite hostname="DESKTOP-CML9JAH" failures="0" tests="2" name="tesNg_xml.ExecuteGroup2" time="0.021" errors="0" timestamp="2023-12-27T19:30:52 IST" skipped="0">
  <testcase classname="tesNg_xml.ExecuteGroup2" name="TC6" time="0.004">
    <system-out>
      <![CDATA[TC6 is running]]>
    </system-out>
  </testcase> <!-- TC6 -->
  <testcase classname="tesNg_xml.ExecuteGroup2" name="TC5" time="0.017">
    <system-out>
      <![CDATA[TC5 is running]]>
    </system-out>
  </testcase> <!-- TC5 -->
  <system-out>
    <![CDATA[TC5 is running
TC6 is running
TC1 is running]]>
  </system-out>
</testsuite> <!-- tesNg_xml.ExecuteGroup2 -->
