<?xml version="1.0" encoding="UTF-8"?>
<!-- Generated by org.testng.reporters.JUnitReportReporter -->
<testsuite hostname="DESKTOP-CML9JAH" failures="0" tests="3" name="testNG_Study.EnableKeyword" time="0.028" errors="0" timestamp="2023-12-21T11:55:14 IST" skipped="1">
  <testcase classname="testNG_Study.EnableKeyword" name="TC3" time="0.005">
    <system-out>
      <![CDATA[TC3 is running]]>
    </system-out>
  </testcase> <!-- TC3 -->
  <testcase classname="testNG_Study.EnableKeyword" name="TC1" time="0.023">
    <system-out>
      <![CDATA[TC1 is running]]>
    </system-out>
  </testcase> <!-- TC1 -->
  <testcase classname="testNG_Study.EnableKeyword" name="TC2">
    <skipped/>
  </testcase> <!-- TC2 -->
  <system-out>
    <![CDATA[TC1 is running
TC3 is running]]>
  </system-out>
</testsuite> <!-- testNG_Study.EnableKeyword -->
