<?xml version="1.0" encoding="UTF-8"?>
<!-- Generated by org.testng.reporters.JUnitReportReporter -->
<testsuite hostname="DESKTOP-CML9JAH" failures="0" tests="2" name="tesNg_xml.ExcludeMethods" time="0.027" errors="0" timestamp="2023-12-22T13:42:33 IST" skipped="0">
  <testcase classname="tesNg_xml.ExcludeMethods" name="TC4" time="0.006">
    <system-out>
      <![CDATA[TC4 is running]]>
    </system-out>
  </testcase> <!-- TC4 -->
  <testcase classname="tesNg_xml.ExcludeMethods" name="TC1" time="0.021">
    <system-out>
      <![CDATA[TC1 is running]]>
    </system-out>
  </testcase> <!-- TC1 -->
  <system-out>
    <![CDATA[TC1 is running
TC4 is running]]>
  </system-out>
</testsuite> <!-- tesNg_xml.ExcludeMethods -->
