<?xml version="1.0" encoding="UTF-8"?>
<!-- Generated by org.testng.reporters.JUnitReportReporter -->
<testsuite hostname="DESKTOP-CML9JAH" failures="0" tests="4" name="testNG_Study.Annotations" time="0.036" errors="0" timestamp="2023-12-20T10:54:14 IST" skipped="0">
  <testcase classname="testNG_Study.Annotations" name="TestClass4" time="0.010">
    <system-out>
      <![CDATA[TC4 running]]>
    </system-out>
  </testcase> <!-- TestClass4 -->
  <testcase classname="testNG_Study.Annotations" name="TestClass3" time="0.005">
    <system-out>
      <![CDATA[TC3 running]]>
    </system-out>
  </testcase> <!-- TestClass3 -->
  <testcase classname="testNG_Study.Annotations" name="TestClass1" time="0.011">
    <system-out>
      <![CDATA[TC1 running ]]>
    </system-out>
  </testcase> <!-- TestClass1 -->
  <testcase classname="testNG_Study.Annotations" name="TestClass2" time="0.010">
    <system-out>
      <![CDATA[TC2 running ]]>
    </system-out>
  </testcase> <!-- TestClass2 -->
  <system-out>
    <![CDATA[before suite is running
before test is running 
before class is running
before method is running
TC1 running 
after method is running
before method is running
TC2 running 
after method is running
before method is running
TC3 running
after method is running
before method is running
TC4 running
after method is running
after class is running 
after test is running 
after suite is running]]>
  </system-out>
</testsuite> <!-- testNG_Study.Annotations -->
