<?xml version="1.0" encoding="UTF-8"?>
<!-- Generated by org.testng.reporters.JUnitReportReporter -->
<testsuite hostname="DESKTOP-CML9JAH" failures="0" tests="1" name="CoverFox_Test.CF_TC_55_ValidateSearchResultAndActualResult" time="51.524" errors="0" timestamp="2024-01-12T14:54:01 IST" skipped="0">
  <testcase classname="CoverFox_Test.CF_TC_55_ValidateSearchResultAndActualResult" name="validateTestPlansFromTextAndBanners" time="51.524">
    <system-out>
      <![CDATA[TC execution started
fetching the no.of policies from text
fetching the no. of policies count from the banner
TC execution successfully completed ]]>
    </system-out>
  </testcase> <!-- validateTestPlansFromTextAndBanners -->
  <system-out>
    <![CDATA[launching the browser
clicking on female gender button
clicking on the next button
entering the member details 
clicking on the next button
entering the pincode
reading data from excel sheet
entering the mobile num
reading data from excel sheet
TC execution started
fetching the no.of policies from text
fetching the no. of policies count from the banner
TC execution successfully completed 
closing the browser]]>
  </system-out>
</testsuite> <!-- CoverFox_Test.CF_TC_55_ValidateSearchResultAndActualResult -->
