<?xml version="1.0" encoding="UTF-8"?>
<!-- Generated by org.testng.reporters.JUnitReportReporter -->
<testsuite hostname="DESKTOP-CML9JAH" failures="0" tests="4" name="testNG_Study.DependsOnMethod2" time="0.045" errors="0" timestamp="2023-12-21T12:24:19 IST" skipped="0">
  <testcase classname="testNG_Study.DependsOnMethod2" name="c" time="0.021">
    <system-out>
      <![CDATA[method c is running]]>
    </system-out>
  </testcase> <!-- c -->
  <testcase classname="testNG_Study.DependsOnMethod2" name="b" time="0.005">
    <system-out>
      <![CDATA[method b is running]]>
    </system-out>
  </testcase> <!-- b -->
  <testcase classname="testNG_Study.DependsOnMethod2" name="a" time="0.008">
    <system-out>
      <![CDATA[method a is running]]>
    </system-out>
  </testcase> <!-- a -->
  <testcase classname="testNG_Study.DependsOnMethod2" name="d" time="0.011">
    <system-out>
      <![CDATA[method d is running]]>
    </system-out>
  </testcase> <!-- d -->
  <system-out>
    <![CDATA[method c is running
method a is running
method d is running
method b is running]]>
  </system-out>
</testsuite> <!-- testNG_Study.DependsOnMethod2 -->
