<?xml version="1.0" encoding="UTF-8"?>
<!-- Generated by org.testng.reporters.JUnitReportReporter -->
<testsuite hostname="DESKTOP-CML9JAH" failures="0" tests="1" name="data_Provider.paramerterXMLPractice2" time="17.626" errors="0" timestamp="2023-12-28T15:19:54 IST" skipped="0">
  <testcase classname="data_Provider.paramerterXMLPractice2" name="fb_accountParameter" time="17.626"/>
</testsuite> <!-- data_Provider.paramerterXMLPractice2 -->
