<?xml version="1.0" encoding="UTF-8"?>
<!-- Generated by org.testng.reporters.JUnitReportReporter -->
<testsuite hostname="DESKTOP-CML9JAH" failures="0" tests="5" name="testNG_Study.PriorityClass" time="0.042" errors="0" timestamp="2023-12-20T12:05:59 IST" skipped="0">
  <testcase classname="testNG_Study.PriorityClass" name="a" time="0.018">
    <system-out>
      <![CDATA[a is running]]>
    </system-out>
  </testcase> <!-- a -->
  <testcase classname="testNG_Study.PriorityClass" name="c" time="0.007">
    <system-out>
      <![CDATA[c is running]]>
    </system-out>
  </testcase> <!-- c -->
  <testcase classname="testNG_Study.PriorityClass" name="b" time="0.010">
    <system-out>
      <![CDATA[b is running]]>
    </system-out>
  </testcase> <!-- b -->
  <testcase classname="testNG_Study.PriorityClass" name="d" time="0.003">
    <system-out>
      <![CDATA[d is running]]>
    </system-out>
  </testcase> <!-- d -->
  <testcase classname="testNG_Study.PriorityClass" name="e" time="0.004">
    <system-out>
      <![CDATA[e is running]]>
    </system-out>
  </testcase> <!-- e -->
  <system-out>
    <![CDATA[a is running
c is running
b is running
d is running
e is running]]>
  </system-out>
</testsuite> <!-- testNG_Study.PriorityClass -->
