<?xml version="1.0" encoding="UTF-8"?>
<!-- Generated by org.testng.reporters.JUnitReportReporter -->
<testsuite hostname="DESKTOP-CML9JAH" failures="0" tests="1" name="testNG_Study.Class1" time="0.022" errors="0" timestamp="2023-12-19T15:21:18 IST" skipped="0">
  <testcase classname="testNG_Study.Class1" name="f" time="0.022">
    <system-out>
      <![CDATA[this is reporter printing statment with string parameter 
this is  reporter printing statment with string & boolean parameter 
this is  reporter printing statment 2 with string & boolean parameter ]]>
    </system-out>
  </testcase> <!-- f -->
  <system-out>
    <![CDATA[this is reporter printing statment with string parameter 
this is  reporter printing statment with string & boolean parameter 
this is  reporter printing statment 2 with string & boolean parameter ]]>
  </system-out>
</testsuite> <!-- testNG_Study.Class1 -->
