<?xml version="1.0" encoding="UTF-8"?>
<!-- Generated by org.testng.reporters.JUnitReportReporter -->
<testsuite hostname="DESKTOP-CML9JAH" failures="0" tests="2" name="testNG_Study.BeforeAndAfter_Method" time="0.090" errors="0" timestamp="2023-12-20T10:19:26 IST" skipped="0">
  <testcase classname="testNG_Study.BeforeAndAfter_Method" name="TestClass1" time="0.034">
    <system-out>
      <![CDATA[running test class 1]]>
    </system-out>
  </testcase> <!-- TestClass1 -->
  <testcase classname="testNG_Study.BeforeAndAfter_Method" name="TestClass2" time="0.056">
    <system-out>
      <![CDATA[running text class 2]]>
    </system-out>
  </testcase> <!-- TestClass2 -->
  <system-out>
    <![CDATA[running before method 
running test class 1
running after method
running before method 
running text class 2
running after method]]>
  </system-out>
</testsuite> <!-- testNG_Study.BeforeAndAfter_Method -->
