<?xml version="1.0" encoding="UTF-8"?>
<!-- Generated by org.testng.reporters.JUnitReportReporter -->
<testsuite hostname="DESKTOP-CML9JAH" failures="0" tests="5" name="testNG_Study.DependsOnMethods3" time="0.046" errors="0" timestamp="2023-12-21T13:07:28 IST" skipped="0">
  <testcase classname="testNG_Study.DependsOnMethods3" name="e" time="0.004">
    <system-out>
      <![CDATA[method e is running ]]>
    </system-out>
  </testcase> <!-- e -->
  <testcase classname="testNG_Study.DependsOnMethods3" name="a" time="0.010">
    <system-out>
      <![CDATA[method a is running ]]>
    </system-out>
  </testcase> <!-- a -->
  <testcase classname="testNG_Study.DependsOnMethods3" name="b" time="0.007">
    <system-out>
      <![CDATA[method b is running ]]>
    </system-out>
  </testcase> <!-- b -->
  <testcase classname="testNG_Study.DependsOnMethods3" name="c" time="0.005">
    <system-out>
      <![CDATA[method c is running ]]>
    </system-out>
  </testcase> <!-- c -->
  <testcase classname="testNG_Study.DependsOnMethods3" name="d" time="0.020">
    <system-out>
      <![CDATA[method d is running ]]>
    </system-out>
  </testcase> <!-- d -->
  <system-out>
    <![CDATA[method d is running 
method a is running 
method b is running 
method c is running 
method e is running ]]>
  </system-out>
</testsuite> <!-- testNG_Study.DependsOnMethods3 -->
