<?xml version="1.0" encoding="UTF-8"?>
<!-- Generated by org.testng.reporters.JUnitReportReporter -->
<testsuite hostname="DESKTOP-CML9JAH" failures="0" tests="2" name="tesNg_xml.IncludeTestcases" time="0.029" errors="0" timestamp="2023-12-22T13:19:42 IST" skipped="0">
  <testcase classname="tesNg_xml.IncludeTestcases" name="TC4" time="0.010">
    <system-out>
      <![CDATA[TC4 is running]]>
    </system-out>
  </testcase> <!-- TC4 -->
  <testcase classname="tesNg_xml.IncludeTestcases" name="TC1" time="0.019">
    <system-out>
      <![CDATA[TC1 is running]]>
    </system-out>
  </testcase> <!-- TC1 -->
  <system-out>
    <![CDATA[TC1 is running
TC4 is running]]>
  </system-out>
</testsuite> <!-- tesNg_xml.IncludeTestcases -->
