<?xml version="1.0" encoding="UTF-8"?>
<!-- Generated by org.testng.reporters.JUnitReportReporter -->
<testsuite hostname="DESKTOP-CML9JAH" failures="0" tests="1" name="tesNg_xml.FbAccount_XMLFile" time="33.808" errors="0" timestamp="2023-12-28T12:03:06 IST" skipped="0">
  <testcase classname="tesNg_xml.FbAccount_XMLFile" name="fbtest" time="33.808"/>
</testsuite> <!-- tesNg_xml.FbAccount_XMLFile -->
