<?xml version="1.0" encoding="UTF-8"?>
<!-- Generated by org.testng.reporters.JUnitReportReporter -->
<testsuite hostname="DESKTOP-CML9JAH" failures="0" tests="1" name="CoverFox_Test.CF_TC_56_ValidateSortPlanButton" time="40.442" errors="0" timestamp="2024-01-06T16:30:26 IST" skipped="0">
  <testcase classname="CoverFox_Test.CF_TC_56_ValidateSortPlanButton" name="valiadate_sortPlanButton" time="40.442">
    <system-out>
      <![CDATA[TC execution started
validating sortplan button is present or not
TC execution successfully completed ]]>
    </system-out>
  </testcase> <!-- valiadate_sortPlanButton -->
  <system-out>
    <![CDATA[launching the browser
clicking on female gender button
clicking on the next button
entering the member details 
clicking on the next button
entering the pincode
reading data from excel sheet
entering the mobile num
reading data from excel sheet
TC execution started
validating sortplan button is present or not
TC execution successfully completed 
closing the browser]]>
  </system-out>
</testsuite> <!-- CoverFox_Test.CF_TC_56_ValidateSortPlanButton -->
