<?xml version="1.0" encoding="UTF-8"?>
<!-- Generated by org.testng.reporters.JUnitReportReporter -->
<testsuite hostname="DESKTOP-CML9JAH" failures="0" tests="1" name="testNG_Study.First_Testng" time="25.767" errors="0" timestamp="2023-12-19T12:49:24 IST" skipped="0">
  <testcase classname="testNG_Study.First_Testng" name="f" time="25.767"/>
</testsuite> <!-- testNG_Study.First_Testng -->
