<?xml version="1.0" encoding="UTF-8"?>
<!-- Generated by org.testng.reporters.JUnitReportReporter -->
<testsuite hostname="DESKTOP-CML9JAH" failures="0" tests="2" name="data_Provider.DataProvider_Practice2" time="32.105" errors="0" timestamp="2023-12-28T15:20:52 IST" skipped="0">
  <testcase classname="data_Provider.DataProvider_Practice2" name="fb_Account" time="19.448"/>
  <testcase classname="data_Provider.DataProvider_Practice2" name="fb_Account" time="12.657"/>
</testsuite> <!-- data_Provider.DataProvider_Practice2 -->
