<?xml version="1.0" encoding="UTF-8"?>
<!-- Generated by org.testng.reporters.JUnitReportReporter -->
<testsuite hostname="DESKTOP-CML9JAH" failures="0" tests="1" name="tesNg_xml.ExecuteGroup1" time="0.006" errors="0" timestamp="2023-12-27T19:30:52 IST" skipped="0">
  <testcase classname="tesNg_xml.ExecuteGroup1" name="TC1" time="0.006">
    <system-out>
      <![CDATA[TC1 is running]]>
    </system-out>
  </testcase> <!-- TC1 -->
  <system-out>
    <![CDATA[TC5 is running
TC6 is running
TC1 is running]]>
  </system-out>
</testsuite> <!-- tesNg_xml.ExecuteGroup1 -->
