<?xml version="1.0" encoding="UTF-8"?>
<!-- Generated by org.testng.reporters.JUnitReportReporter -->
<testsuite hostname="DESKTOP-CML9JAH" failures="0" tests="3" name="testNG_Study.TimeOutKeyword" time="1.071" errors="0" timestamp="2023-12-22T12:25:24 IST" skipped="0">
  <testcase classname="testNG_Study.TimeOutKeyword" name="payment" time="0.005">
    <system-out>
      <![CDATA[payment is done]]>
    </system-out>
  </testcase> <!-- payment -->
  <testcase classname="testNG_Study.TimeOutKeyword" name="couponCode" time="1.061">
    <system-out>
      <![CDATA[couponCode is applied]]>
    </system-out>
  </testcase> <!-- couponCode -->
  <testcase classname="testNG_Study.TimeOutKeyword" name="discount" time="0.005">
    <system-out>
      <![CDATA[U got the 40% of discount]]>
    </system-out>
  </testcase> <!-- discount -->
  <system-out>
    <![CDATA[couponCode is applied
U got the 40% of discount
payment is done]]>
  </system-out>
</testsuite> <!-- testNG_Study.TimeOutKeyword -->
