<?xml version="1.0" encoding="UTF-8"?>
<!-- Generated by org.testng.reporters.JUnitReportReporter -->
<testsuite hostname="DESKTOP-CML9JAH" failures="0" tests="2" name="data_Provider.FbAccount_dataProvider" time="30.354" errors="0" timestamp="2023-12-28T12:07:45 IST" skipped="0">
  <testcase classname="data_Provider.FbAccount_dataProvider" name="fbtest" time="14.410"/>
  <testcase classname="data_Provider.FbAccount_dataProvider" name="fbtest" time="15.944"/>
</testsuite> <!-- data_Provider.FbAccount_dataProvider -->
